./buildali_uniref50_dssp.pl  /bmm/www/servers/phyre2/public_html/phyre2_output/ea9b8e7399816da3/query.fasta  /bmm/www/servers/phyre2/public_html/phyre2_output/ea9b8e7399816da3 
$ ./reformat.pl -M first -noss a3m a3m /bmm/www/servers/phyre2/public_html/phyre2_output/ea9b8e7399816da3/query.fasta /tmp/phyre2/10211/query.in.a3m -> 1
$ ./reformat.pl -r a3m psi /tmp/phyre2/10211/query.in.a3m /tmp/phyre2/10211/query.psi -> 1

************************************************
 Building alignment for /tmp/phyre2/10211/query (GCR1_ARATH_structure_prediction)
************************************************
Building alignment for query with PSI-BLAST ...
$ /bmm/www/servers/phyre2/bin/blast/blastpgp -I T -s T -b 20000 -v 1 -e 0.001 -d /data/data/blast/uniref50.fasta -i /tmp/phyre2/10211/query.seq &> /tmp/phyre2/10211/query.bla
$ ./alignhits.pl -cov 80 -e 0.001  -bl 0.33 -bs 0.67  -best -psi -q /tmp/phyre2/10211/query.seq /tmp/phyre2/10211/query.bla /tmp/phyre2/10211/query.core.psi -> 5
$ ./alignhits.pl -cov 80 -e 0.001  -bl 0 -bs 0.167 -bg 20 -B /tmp/phyre2/10211/query.core.psi  -best -psi -q /tmp/phyre2/10211/query.seq /tmp/phyre2/10211/query.bla /tmp/phyre2/10211/query.psi -> 8
$ ./alignhits.pl -cov 80 -e 0.001  -bl 0 -bs 0.167 -bg 20 -B /tmp/phyre2/10211/query.core.psi  -best -a3m -q /tmp/phyre2/10211/query.seq /tmp/phyre2/10211/query.bla /tmp/phyre2/10211/query.a3m -> 8
Found 8 sequences in PSI-BLAST round 1 (E-value<1E-03, coverage>20%, db=uniref50.fasta)

$ /bmm/www/servers/phyre2/bin/blast/blastpgp -I T -s T -b 20000 -v 1 -e 0.001 -d /data/data/blast/uniref50.fasta -i /tmp/phyre2/10211/query.seq -B /tmp/phyre2/10211/query.psi &> /tmp/phyre2/10211/query.bla
$ ./alignhits.pl -cov 20 -e 0.001   -bl 0 -bs 0.167 -bg 20 -B /tmp/phyre2/10211/query.core.psi   -a3m -q /tmp/phyre2/10211/query.seq /tmp/phyre2/10211/query.bla /tmp/phyre2/10211/query.tmp -> 435
$ cat /tmp/phyre2/10211/query.tmp >> /tmp/phyre2/10211/query.a3m
$ ./alignhits.pl -cov 20 -e 0.001   -bl 0 -bs 0.167 -bg 20 -B /tmp/phyre2/10211/query.core.psi   -psi -q /tmp/phyre2/10211/query.seq /tmp/phyre2/10211/query.bla /tmp/phyre2/10211/query.tmp -> 435
$ cat /tmp/phyre2/10211/query.tmp >> /tmp/phyre2/10211/query.psi
Found 435 sequences in PSI-BLAST round 2 (E-value<1E-03, coverage>20%, db=uniref50.fasta)

$ /bmm/www/servers/phyre2/bin/blast/blastpgp -I T -s T -b 20000 -v 1 -e 0.001 -d /data/data/blast/uniref50.fasta -i /tmp/phyre2/10211/query.seq -B /tmp/phyre2/10211/query.psi &> /tmp/phyre2/10211/query.bla
$ ./alignhits.pl -cov 20 -e 0.001   -bl 0 -bs 0.167 -bg 20 -B /tmp/phyre2/10211/query.core.psi   -a3m -q /tmp/phyre2/10211/query.seq /tmp/phyre2/10211/query.bla /tmp/phyre2/10211/query.tmp -> 1181
$ cat /tmp/phyre2/10211/query.tmp >> /tmp/phyre2/10211/query.a3m
$ ./alignhits.pl -cov 20 -e 0.001   -bl 0 -bs 0.167 -bg 20 -B /tmp/phyre2/10211/query.core.psi   -psi -q /tmp/phyre2/10211/query.seq /tmp/phyre2/10211/query.bla /tmp/phyre2/10211/query.tmp -> 1181
$ cat /tmp/phyre2/10211/query.tmp >> /tmp/phyre2/10211/query.psi
Found 1181 sequences in PSI-BLAST round 3 (E-value<1E-03, coverage>20%, db=uniref50.fasta)

$ /bmm/www/servers/phyre2/bin/blast/blastpgp -I T -s T -b 20000 -v 1 -e 0.001 -d /data/data/blast/uniref50.fasta -i /tmp/phyre2/10211/query.seq -B /tmp/phyre2/10211/query.psi &> /tmp/phyre2/10211/query.bla
$ ./alignhits.pl -cov 20 -e 0.001   -bl 0 -bs 0.167 -bg 20 -B /tmp/phyre2/10211/query.core.psi   -a3m -q /tmp/phyre2/10211/query.seq /tmp/phyre2/10211/query.bla /tmp/phyre2/10211/query.tmp -> 1087
$ cat /tmp/phyre2/10211/query.tmp >> /tmp/phyre2/10211/query.a3m
$ ./alignhits.pl -cov 20 -e 0.001   -bl 0 -bs 0.167 -bg 20 -B /tmp/phyre2/10211/query.core.psi   -psi -q /tmp/phyre2/10211/query.seq /tmp/phyre2/10211/query.bla /tmp/phyre2/10211/query.tmp -> 1087
$ cat /tmp/phyre2/10211/query.tmp >> /tmp/phyre2/10211/query.psi
Found 1087 sequences in PSI-BLAST round 4 (E-value<1E-03, coverage>20%, db=uniref50.fasta)

$ /bmm/www/servers/phyre2/bin/blast/blastpgp -I T -s T -b 20000 -v 1 -e 0.001 -d /data/data/blast/uniref50.fasta -i /tmp/phyre2/10211/query.seq -B /tmp/phyre2/10211/query.psi &> /tmp/phyre2/10211/query.bla
$ ./alignhits.pl -cov 20 -e 0.001   -bl 0 -bs 0.167 -bg 20 -B /tmp/phyre2/10211/query.core.psi   -a3m -q /tmp/phyre2/10211/query.seq /tmp/phyre2/10211/query.bla /tmp/phyre2/10211/query.tmp -> 1048
$ cat /tmp/phyre2/10211/query.tmp >> /tmp/phyre2/10211/query.a3m
$ ./alignhits.pl -cov 20 -e 0.001   -bl 0 -bs 0.167 -bg 20 -B /tmp/phyre2/10211/query.core.psi   -psi -q /tmp/phyre2/10211/query.seq /tmp/phyre2/10211/query.bla /tmp/phyre2/10211/query.tmp -> 1048
$ cat /tmp/phyre2/10211/query.tmp >> /tmp/phyre2/10211/query.psi
Found 1048 sequences in PSI-BLAST round 5 (E-value<1E-03, coverage>20%, db=uniref50.fasta)

$ /bmm/www/servers/phyre2/bin/blast/blastpgp -I T -s T -b 20000 -v 1 -e 0.001 -d /data/data/blast/uniref50.fasta -i /tmp/phyre2/10211/query.seq -B /tmp/phyre2/10211/query.psi &> /tmp/phyre2/10211/query.bla
$ ./alignhits.pl -cov 20 -e 0.001   -bl 0 -bs 0.167 -bg 20 -B /tmp/phyre2/10211/query.core.psi   -a3m -q /tmp/phyre2/10211/query.seq /tmp/phyre2/10211/query.bla /tmp/phyre2/10211/query.tmp -> 989
$ cat /tmp/phyre2/10211/query.tmp >> /tmp/phyre2/10211/query.a3m
$ ./alignhits.pl -cov 20 -e 0.001   -bl 0 -bs 0.167 -bg 20 -B /tmp/phyre2/10211/query.core.psi   -psi -q /tmp/phyre2/10211/query.seq /tmp/phyre2/10211/query.bla /tmp/phyre2/10211/query.tmp -> 989
$ cat /tmp/phyre2/10211/query.tmp >> /tmp/phyre2/10211/query.psi
Found 989 sequences in PSI-BLAST round 6 (E-value<1E-03, coverage>20%, db=uniref50.fasta)

$ /bmm/www/servers/phyre2/bin/blast/blastpgp -I T -s T -b 20000 -v 1 -e 0.001 -d /data/data/blast/uniref50.fasta -i /tmp/phyre2/10211/query.seq -B /tmp/phyre2/10211/query.psi &> /tmp/phyre2/10211/query.bla
$ ./alignhits.pl -cov 20 -e 0.001   -bl 0 -bs 0.167 -bg 20 -B /tmp/phyre2/10211/query.core.psi   -a3m -q /tmp/phyre2/10211/query.seq /tmp/phyre2/10211/query.bla /tmp/phyre2/10211/query.tmp -> 973
$ cat /tmp/phyre2/10211/query.tmp >> /tmp/phyre2/10211/query.a3m
$ ./alignhits.pl -cov 20 -e 0.001   -bl 0 -bs 0.167 -bg 20 -B /tmp/phyre2/10211/query.core.psi   -psi -q /tmp/phyre2/10211/query.seq /tmp/phyre2/10211/query.bla /tmp/phyre2/10211/query.tmp -> 973
$ cat /tmp/phyre2/10211/query.tmp >> /tmp/phyre2/10211/query.psi
Found 973 sequences in PSI-BLAST round 7 (E-value<1E-03, coverage>20%, db=uniref50.fasta)

$ /bmm/www/servers/phyre2/bin/blast/blastpgp -I T -s T -b 20000 -v 1 -e 0.001 -d /data/data/blast/uniref50.fasta -i /tmp/phyre2/10211/query.seq -B /tmp/phyre2/10211/query.psi &> /tmp/phyre2/10211/query.bla
$ ./alignhits.pl -cov 20 -e 0.001   -bl 0 -bs 0.167 -bg 20 -B /tmp/phyre2/10211/query.core.psi   -a3m -q /tmp/phyre2/10211/query.seq /tmp/phyre2/10211/query.bla /tmp/phyre2/10211/query.tmp -> 959
Found 959 sequences in PSI-BLAST round 8 (E-value<1E-03, coverage>20%, db=uniref50.fasta)

$ cat /tmp/phyre2/10211/query.tmp >> /tmp/phyre2/10211/query.a3m
$ ./alignhits.pl -cov 20 -e 0.001   -bl 0 -bs 0.167 -bg 20 -B /tmp/phyre2/10211/query.core.psi   -psi -q /tmp/phyre2/10211/query.seq /tmp/phyre2/10211/query.bla /tmp/phyre2/10211/query.tmp -> 959
$ cat /tmp/phyre2/10211/query.tmp >> /tmp/phyre2/10211/query.psi
$ ./hhfilter -M a3m -id 90  -cov 20 -diff 0 -i /tmp/phyre2/10211/query.a3m -o /tmp/phyre2/10211/query.fil
Input file = /tmp/phyre2/10211/query.a3m
Output file = /tmp/phyre2/10211/query.fil
Read /tmp/phyre2/10211/query.a3m with 6680 sequences
Alignment in /tmp/phyre2/10211/query.a3m contains 326 match states
2304 out of 6680 sequences passed filter (20% min coverage, 90% max pairwise sequence identity)
$ ./reformat.pl -r a3m psi /tmp/phyre2/10211/query.fil /tmp/phyre2/10211/query.psi -> 2304
Read DSSP state sequence

Searching DSSP state assignments...
name=GCR1_ARATH_structure_prediction  range=
WARNING: Cannot open /bmm/data/dssp//GCR1_ARATH_structure_prediction.dssp: No such file or directory
WARNING Cannot open /pdbGCR1_ARATH_structure_prediction.ent: No such file or directory
Predicting secondary structure with PSIPRED ...
$ /bmm/www/servers/phyre2/bin/blast/blastpgp -I T -s T -b 1 -j 1 -h 0.001 -d /bmm/www/servers/phyre/public_html/Version_1.1/data/dummydb -i /tmp/phyre2/10211/query.seq -B /tmp/phyre2/10211/query.psi -C /tmp/phyre2/10211/query.chk &> /tmp/phyre2/10211/query.bla
$ /bmm/www/servers/phyre2/bin/psipred25/bin/psipred /tmp/phyre2/10211/query.mtx /bmm/www/servers/phyre2/bin/psipred25/data/weights.dat /bmm/www/servers/phyre2/bin/psipred25/data/weights.dat2 /bmm/www/servers/phyre2/bin/psipred25/data/weights.dat3 /bmm/www/servers/phyre2/bin/psipred25/data/weights.dat4 > /tmp/phyre2/10211/query.ss
$ /bmm/www/servers/phyre2/bin/psipred25/bin/psipass2 /bmm/www/servers/phyre2/bin/psipred25/data/weights_p2.dat 1 0.98 1.09 /tmp/phyre2/10211/query.ss2 /tmp/phyre2/10211/query.ss > /tmp/phyre2/10211/query.horiz
$ cat /tmp/phyre2/10211/query.a3m /tmp/phyre2/10211/query.in.a3m /tmp/phyre2/10211/query.fil > /tmp/phyre2/10211/query.tmp.a3m
$ ./hhfilter -M a3m -id 90  -cov 20 -diff 0 -i /tmp/phyre2/10211/query.tmp.a3m -o /bmm/www/servers/phyre2/public_html/phyre2_output/ea9b8e7399816da3/query.a3m
Input file = /tmp/phyre2/10211/query.tmp.a3m
Output file = /bmm/www/servers/phyre2/public_html/phyre2_output/ea9b8e7399816da3/query.a3m
Read /tmp/phyre2/10211/query.tmp.a3m with 2307 sequences
Alignment in /tmp/phyre2/10211/query.tmp.a3m contains 326 match states
2304 out of 2305 sequences passed filter (20% min coverage, 90% max pairwise sequence identity)
Written alignment with 2304 sequences to /bmm/www/servers/phyre2/public_html/phyre2_output/ea9b8e7399816da3/query.a3m

Finished  buildali.pl /bmm/www/servers/phyre2/public_html/phyre2_output/ea9b8e7399816da3/query.fasta /bmm/www/servers/phyre2/public_html/phyre2_output/ea9b8e7399816da3
